2015/02/23 20:03:57 [error] [exception.CHttpException.404] exception 'CHttpException' with message 'The requested view "about" was not found.' in /home/pixsens/domains/pixsens.lt/public_html/framework/web/actions/CViewAction.php:112
Stack trace:
#0 /home/pixsens/domains/pixsens.lt/public_html/framework/web/actions/CViewAction.php(123): CViewAction->resolveView('about')
#1 /home/pixsens/domains/pixsens.lt/public_html/framework/web/actions/CAction.php(76): CViewAction->run()
#2 /home/pixsens/domains/pixsens.lt/public_html/framework/web/CController.php(308): CAction->runWithParams(Array)
#3 /home/pixsens/domains/pixsens.lt/public_html/framework/web/CController.php(286): CController->runAction(Object(CViewAction))
#4 /home/pixsens/domains/pixsens.lt/public_html/framework/web/CController.php(265): CController->runActionWithFilters(Object(CViewAction), Array)
#5 /home/pixsens/domains/pixsens.lt/public_html/framework/web/CWebApplication.php(282): CController->run('page')
#6 /home/pixsens/domains/pixsens.lt/public_html/framework/web/CWebApplication.php(141): CWebApplication->runController('site/page')
#7 /home/pixsens/domains/pixsens.lt/public_html/framework/base/CApplication.php(184): CWebApplication->processRequest()
#8 /home/pixsens/domains/pixsens.lt/public_html/metaliksa/index.php(13): CApplication->run()
#9 {main}
REQUEST_URI=/metaliksa/index.php?r=site/page&view=about
HTTP_REFERER=http://pixsens.lt/metaliksa/
---
2015/02/23 20:03:58 [error] [exception.CHttpException.404] exception 'CHttpException' with message 'The requested view "about" was not found.' in /home/pixsens/domains/pixsens.lt/public_html/framework/web/actions/CViewAction.php:112
Stack trace:
#0 /home/pixsens/domains/pixsens.lt/public_html/framework/web/actions/CViewAction.php(123): CViewAction->resolveView('about')
#1 /home/pixsens/domains/pixsens.lt/public_html/framework/web/actions/CAction.php(76): CViewAction->run()
#2 /home/pixsens/domains/pixsens.lt/public_html/framework/web/CController.php(308): CAction->runWithParams(Array)
#3 /home/pixsens/domains/pixsens.lt/public_html/framework/web/CController.php(286): CController->runAction(Object(CViewAction))
#4 /home/pixsens/domains/pixsens.lt/public_html/framework/web/CController.php(265): CController->runActionWithFilters(Object(CViewAction), Array)
#5 /home/pixsens/domains/pixsens.lt/public_html/framework/web/CWebApplication.php(282): CController->run('page')
#6 /home/pixsens/domains/pixsens.lt/public_html/framework/web/CWebApplication.php(141): CWebApplication->runController('site/page')
#7 /home/pixsens/domains/pixsens.lt/public_html/framework/base/CApplication.php(184): CWebApplication->processRequest()
#8 /home/pixsens/domains/pixsens.lt/public_html/metaliksa/index.php(13): CApplication->run()
#9 {main}
REQUEST_URI=/metaliksa/index.php?r=site/page&view=about
HTTP_REFERER=http://pixsens.lt/metaliksa/
---
2015/02/23 20:07:24 [error] [exception.CHttpException.404] exception 'CHttpException' with message 'The requested view "about" was not found.' in /home/pixsens/domains/pixsens.lt/public_html/framework/web/actions/CViewAction.php:112
Stack trace:
#0 /home/pixsens/domains/pixsens.lt/public_html/framework/web/actions/CViewAction.php(123): CViewAction->resolveView('about')
#1 /home/pixsens/domains/pixsens.lt/public_html/framework/web/actions/CAction.php(76): CViewAction->run()
#2 /home/pixsens/domains/pixsens.lt/public_html/framework/web/CController.php(308): CAction->runWithParams(Array)
#3 /home/pixsens/domains/pixsens.lt/public_html/framework/web/CController.php(286): CController->runAction(Object(CViewAction))
#4 /home/pixsens/domains/pixsens.lt/public_html/framework/web/CController.php(265): CController->runActionWithFilters(Object(CViewAction), Array)
#5 /home/pixsens/domains/pixsens.lt/public_html/framework/web/CWebApplication.php(282): CController->run('page')
#6 /home/pixsens/domains/pixsens.lt/public_html/framework/web/CWebApplication.php(141): CWebApplication->runController('site/page')
#7 /home/pixsens/domains/pixsens.lt/public_html/framework/base/CApplication.php(184): CWebApplication->processRequest()
#8 /home/pixsens/domains/pixsens.lt/public_html/metaliksa/index.php(13): CApplication->run()
#9 {main}
REQUEST_URI=/metaliksa/index.php?r=site/page&view=about
HTTP_REFERER=http://pixsens.lt/metaliksa/
---
2015/02/23 20:07:24 [error] [exception.CHttpException.404] exception 'CHttpException' with message 'The requested view "about" was not found.' in /home/pixsens/domains/pixsens.lt/public_html/framework/web/actions/CViewAction.php:112
Stack trace:
#0 /home/pixsens/domains/pixsens.lt/public_html/framework/web/actions/CViewAction.php(123): CViewAction->resolveView('about')
#1 /home/pixsens/domains/pixsens.lt/public_html/framework/web/actions/CAction.php(76): CViewAction->run()
#2 /home/pixsens/domains/pixsens.lt/public_html/framework/web/CController.php(308): CAction->runWithParams(Array)
#3 /home/pixsens/domains/pixsens.lt/public_html/framework/web/CController.php(286): CController->runAction(Object(CViewAction))
#4 /home/pixsens/domains/pixsens.lt/public_html/framework/web/CController.php(265): CController->runActionWithFilters(Object(CViewAction), Array)
#5 /home/pixsens/domains/pixsens.lt/public_html/framework/web/CWebApplication.php(282): CController->run('page')
#6 /home/pixsens/domains/pixsens.lt/public_html/framework/web/CWebApplication.php(141): CWebApplication->runController('site/page')
#7 /home/pixsens/domains/pixsens.lt/public_html/framework/base/CApplication.php(184): CWebApplication->processRequest()
#8 /home/pixsens/domains/pixsens.lt/public_html/metaliksa/index.php(13): CApplication->run()
#9 {main}
REQUEST_URI=/metaliksa/index.php?r=site/page&view=about
HTTP_REFERER=http://pixsens.lt/metaliksa/
---
2015/02/23 20:07:25 [error] [exception.CHttpException.404] exception 'CHttpException' with message 'The requested view "about" was not found.' in /home/pixsens/domains/pixsens.lt/public_html/framework/web/actions/CViewAction.php:112
Stack trace:
#0 /home/pixsens/domains/pixsens.lt/public_html/framework/web/actions/CViewAction.php(123): CViewAction->resolveView('about')
#1 /home/pixsens/domains/pixsens.lt/public_html/framework/web/actions/CAction.php(76): CViewAction->run()
#2 /home/pixsens/domains/pixsens.lt/public_html/framework/web/CController.php(308): CAction->runWithParams(Array)
#3 /home/pixsens/domains/pixsens.lt/public_html/framework/web/CController.php(286): CController->runAction(Object(CViewAction))
#4 /home/pixsens/domains/pixsens.lt/public_html/framework/web/CController.php(265): CController->runActionWithFilters(Object(CViewAction), Array)
#5 /home/pixsens/domains/pixsens.lt/public_html/framework/web/CWebApplication.php(282): CController->run('page')
#6 /home/pixsens/domains/pixsens.lt/public_html/framework/web/CWebApplication.php(141): CWebApplication->runController('site/page')
#7 /home/pixsens/domains/pixsens.lt/public_html/framework/base/CApplication.php(184): CWebApplication->processRequest()
#8 /home/pixsens/domains/pixsens.lt/public_html/metaliksa/index.php(13): CApplication->run()
#9 {main}
REQUEST_URI=/metaliksa/index.php?r=site/page&view=about
HTTP_REFERER=http://pixsens.lt/metaliksa/
---
2015/02/23 20:07:25 [error] [exception.CHttpException.404] exception 'CHttpException' with message 'The requested view "about" was not found.' in /home/pixsens/domains/pixsens.lt/public_html/framework/web/actions/CViewAction.php:112
Stack trace:
#0 /home/pixsens/domains/pixsens.lt/public_html/framework/web/actions/CViewAction.php(123): CViewAction->resolveView('about')
#1 /home/pixsens/domains/pixsens.lt/public_html/framework/web/actions/CAction.php(76): CViewAction->run()
#2 /home/pixsens/domains/pixsens.lt/public_html/framework/web/CController.php(308): CAction->runWithParams(Array)
#3 /home/pixsens/domains/pixsens.lt/public_html/framework/web/CController.php(286): CController->runAction(Object(CViewAction))
#4 /home/pixsens/domains/pixsens.lt/public_html/framework/web/CController.php(265): CController->runActionWithFilters(Object(CViewAction), Array)
#5 /home/pixsens/domains/pixsens.lt/public_html/framework/web/CWebApplication.php(282): CController->run('page')
#6 /home/pixsens/domains/pixsens.lt/public_html/framework/web/CWebApplication.php(141): CWebApplication->runController('site/page')
#7 /home/pixsens/domains/pixsens.lt/public_html/framework/base/CApplication.php(184): CWebApplication->processRequest()
#8 /home/pixsens/domains/pixsens.lt/public_html/metaliksa/index.php(13): CApplication->run()
#9 {main}
REQUEST_URI=/metaliksa/index.php?r=site/page&view=about
HTTP_REFERER=http://pixsens.lt/metaliksa/
---
2015/02/23 20:07:25 [error] [exception.CHttpException.404] exception 'CHttpException' with message 'The requested view "about" was not found.' in /home/pixsens/domains/pixsens.lt/public_html/framework/web/actions/CViewAction.php:112
Stack trace:
#0 /home/pixsens/domains/pixsens.lt/public_html/framework/web/actions/CViewAction.php(123): CViewAction->resolveView('about')
#1 /home/pixsens/domains/pixsens.lt/public_html/framework/web/actions/CAction.php(76): CViewAction->run()
#2 /home/pixsens/domains/pixsens.lt/public_html/framework/web/CController.php(308): CAction->runWithParams(Array)
#3 /home/pixsens/domains/pixsens.lt/public_html/framework/web/CController.php(286): CController->runAction(Object(CViewAction))
#4 /home/pixsens/domains/pixsens.lt/public_html/framework/web/CController.php(265): CController->runActionWithFilters(Object(CViewAction), Array)
#5 /home/pixsens/domains/pixsens.lt/public_html/framework/web/CWebApplication.php(282): CController->run('page')
#6 /home/pixsens/domains/pixsens.lt/public_html/framework/web/CWebApplication.php(141): CWebApplication->runController('site/page')
#7 /home/pixsens/domains/pixsens.lt/public_html/framework/base/CApplication.php(184): CWebApplication->processRequest()
#8 /home/pixsens/domains/pixsens.lt/public_html/metaliksa/index.php(13): CApplication->run()
#9 {main}
REQUEST_URI=/metaliksa/index.php?r=site/page&view=about
HTTP_REFERER=http://pixsens.lt/metaliksa/
---
2015/02/23 20:07:26 [error] [exception.CHttpException.404] exception 'CHttpException' with message 'The requested view "about" was not found.' in /home/pixsens/domains/pixsens.lt/public_html/framework/web/actions/CViewAction.php:112
Stack trace:
#0 /home/pixsens/domains/pixsens.lt/public_html/framework/web/actions/CViewAction.php(123): CViewAction->resolveView('about')
#1 /home/pixsens/domains/pixsens.lt/public_html/framework/web/actions/CAction.php(76): CViewAction->run()
#2 /home/pixsens/domains/pixsens.lt/public_html/framework/web/CController.php(308): CAction->runWithParams(Array)
#3 /home/pixsens/domains/pixsens.lt/public_html/framework/web/CController.php(286): CController->runAction(Object(CViewAction))
#4 /home/pixsens/domains/pixsens.lt/public_html/framework/web/CController.php(265): CController->runActionWithFilters(Object(CViewAction), Array)
#5 /home/pixsens/domains/pixsens.lt/public_html/framework/web/CWebApplication.php(282): CController->run('page')
#6 /home/pixsens/domains/pixsens.lt/public_html/framework/web/CWebApplication.php(141): CWebApplication->runController('site/page')
#7 /home/pixsens/domains/pixsens.lt/public_html/framework/base/CApplication.php(184): CWebApplication->processRequest()
#8 /home/pixsens/domains/pixsens.lt/public_html/metaliksa/index.php(13): CApplication->run()
#9 {main}
REQUEST_URI=/metaliksa/index.php?r=site/page&view=about
HTTP_REFERER=http://pixsens.lt/metaliksa/
---
2015/02/23 20:07:26 [error] [exception.CHttpException.404] exception 'CHttpException' with message 'The requested view "about" was not found.' in /home/pixsens/domains/pixsens.lt/public_html/framework/web/actions/CViewAction.php:112
Stack trace:
#0 /home/pixsens/domains/pixsens.lt/public_html/framework/web/actions/CViewAction.php(123): CViewAction->resolveView('about')
#1 /home/pixsens/domains/pixsens.lt/public_html/framework/web/actions/CAction.php(76): CViewAction->run()
#2 /home/pixsens/domains/pixsens.lt/public_html/framework/web/CController.php(308): CAction->runWithParams(Array)
#3 /home/pixsens/domains/pixsens.lt/public_html/framework/web/CController.php(286): CController->runAction(Object(CViewAction))
#4 /home/pixsens/domains/pixsens.lt/public_html/framework/web/CController.php(265): CController->runActionWithFilters(Object(CViewAction), Array)
#5 /home/pixsens/domains/pixsens.lt/public_html/framework/web/CWebApplication.php(282): CController->run('page')
#6 /home/pixsens/domains/pixsens.lt/public_html/framework/web/CWebApplication.php(141): CWebApplication->runController('site/page')
#7 /home/pixsens/domains/pixsens.lt/public_html/framework/base/CApplication.php(184): CWebApplication->processRequest()
#8 /home/pixsens/domains/pixsens.lt/public_html/metaliksa/index.php(13): CApplication->run()
#9 {main}
REQUEST_URI=/metaliksa/index.php?r=site/page&view=about
HTTP_REFERER=http://pixsens.lt/metaliksa/
---
2015/02/23 20:07:26 [error] [exception.CHttpException.404] exception 'CHttpException' with message 'The requested view "about" was not found.' in /home/pixsens/domains/pixsens.lt/public_html/framework/web/actions/CViewAction.php:112
Stack trace:
#0 /home/pixsens/domains/pixsens.lt/public_html/framework/web/actions/CViewAction.php(123): CViewAction->resolveView('about')
#1 /home/pixsens/domains/pixsens.lt/public_html/framework/web/actions/CAction.php(76): CViewAction->run()
#2 /home/pixsens/domains/pixsens.lt/public_html/framework/web/CController.php(308): CAction->runWithParams(Array)
#3 /home/pixsens/domains/pixsens.lt/public_html/framework/web/CController.php(286): CController->runAction(Object(CViewAction))
#4 /home/pixsens/domains/pixsens.lt/public_html/framework/web/CController.php(265): CController->runActionWithFilters(Object(CViewAction), Array)
#5 /home/pixsens/domains/pixsens.lt/public_html/framework/web/CWebApplication.php(282): CController->run('page')
#6 /home/pixsens/domains/pixsens.lt/public_html/framework/web/CWebApplication.php(141): CWebApplication->runController('site/page')
#7 /home/pixsens/domains/pixsens.lt/public_html/framework/base/CApplication.php(184): CWebApplication->processRequest()
#8 /home/pixsens/domains/pixsens.lt/public_html/metaliksa/index.php(13): CApplication->run()
#9 {main}
REQUEST_URI=/metaliksa/index.php?r=site/page&view=about
HTTP_REFERER=http://pixsens.lt/metaliksa/
---
2015/02/23 20:07:26 [error] [exception.CHttpException.404] exception 'CHttpException' with message 'The requested view "about" was not found.' in /home/pixsens/domains/pixsens.lt/public_html/framework/web/actions/CViewAction.php:112
Stack trace:
#0 /home/pixsens/domains/pixsens.lt/public_html/framework/web/actions/CViewAction.php(123): CViewAction->resolveView('about')
#1 /home/pixsens/domains/pixsens.lt/public_html/framework/web/actions/CAction.php(76): CViewAction->run()
#2 /home/pixsens/domains/pixsens.lt/public_html/framework/web/CController.php(308): CAction->runWithParams(Array)
#3 /home/pixsens/domains/pixsens.lt/public_html/framework/web/CController.php(286): CController->runAction(Object(CViewAction))
#4 /home/pixsens/domains/pixsens.lt/public_html/framework/web/CController.php(265): CController->runActionWithFilters(Object(CViewAction), Array)
#5 /home/pixsens/domains/pixsens.lt/public_html/framework/web/CWebApplication.php(282): CController->run('page')
#6 /home/pixsens/domains/pixsens.lt/public_html/framework/web/CWebApplication.php(141): CWebApplication->runController('site/page')
#7 /home/pixsens/domains/pixsens.lt/public_html/framework/base/CApplication.php(184): CWebApplication->processRequest()
#8 /home/pixsens/domains/pixsens.lt/public_html/metaliksa/index.php(13): CApplication->run()
#9 {main}
REQUEST_URI=/metaliksa/index.php?r=site/page&view=about
HTTP_REFERER=http://pixsens.lt/metaliksa/
---
2015/02/23 20:07:26 [error] [exception.CHttpException.404] exception 'CHttpException' with message 'The requested view "about" was not found.' in /home/pixsens/domains/pixsens.lt/public_html/framework/web/actions/CViewAction.php:112
Stack trace:
#0 /home/pixsens/domains/pixsens.lt/public_html/framework/web/actions/CViewAction.php(123): CViewAction->resolveView('about')
#1 /home/pixsens/domains/pixsens.lt/public_html/framework/web/actions/CAction.php(76): CViewAction->run()
#2 /home/pixsens/domains/pixsens.lt/public_html/framework/web/CController.php(308): CAction->runWithParams(Array)
#3 /home/pixsens/domains/pixsens.lt/public_html/framework/web/CController.php(286): CController->runAction(Object(CViewAction))
#4 /home/pixsens/domains/pixsens.lt/public_html/framework/web/CController.php(265): CController->runActionWithFilters(Object(CViewAction), Array)
#5 /home/pixsens/domains/pixsens.lt/public_html/framework/web/CWebApplication.php(282): CController->run('page')
#6 /home/pixsens/domains/pixsens.lt/public_html/framework/web/CWebApplication.php(141): CWebApplication->runController('site/page')
#7 /home/pixsens/domains/pixsens.lt/public_html/framework/base/CApplication.php(184): CWebApplication->processRequest()
#8 /home/pixsens/domains/pixsens.lt/public_html/metaliksa/index.php(13): CApplication->run()
#9 {main}
REQUEST_URI=/metaliksa/index.php?r=site/page&view=about
HTTP_REFERER=http://pixsens.lt/metaliksa/
---
2015/02/23 20:10:47 [error] [exception.CException] exception 'CException' with message 'CAssetManager.basePath "/home/pixsens/domains/pixsens.lt/public_html/metaliksa/assets" is invalid. Please make sure the directory exists and is writable by the Web server process.' in /home/pixsens/domains/pixsens.lt/public_html/framework/web/CAssetManager.php:138
Stack trace:
#0 /home/pixsens/domains/pixsens.lt/public_html/framework/web/CAssetManager.php(123): CAssetManager->setBasePath('/home/pixsens/d...')
#1 /home/pixsens/domains/pixsens.lt/public_html/framework/web/CAssetManager.php(217): CAssetManager->getBasePath()
#2 /home/pixsens/domains/pixsens.lt/public_html/framework/web/CClientScript.php(511): CAssetManager->publish('/home/pixsens/d...')
#3 /home/pixsens/domains/pixsens.lt/public_html/framework/web/CClientScript.php(548): CClientScript->getCoreScriptUrl()
#4 /home/pixsens/domains/pixsens.lt/public_html/framework/web/CClientScript.php(349): CClientScript->getPackageBaseUrl('jquery')
#5 /home/pixsens/domains/pixsens.lt/public_html/framework/web/CClientScript.php(208): CClientScript->renderCoreScripts()
#6 /home/pixsens/domains/pixsens.lt/public_html/framework/web/CController.php(351): CClientScript->render('<!DOCTYPE html>...')
#7 /home/pixsens/domains/pixsens.lt/public_html/framework/web/CController.php(788): CController->processOutput('<!DOCTYPE html>...')
#8 /home/pixsens/domains/pixsens.lt/public_html/metaliksa/protected/controllers/SiteController.php(32): CController->render('index')
#9 /home/pixsens/domains/pixsens.lt/public_html/framework/web/actions/CInlineAction.php(49): SiteController->actionIndex()
#10 /home/pixsens/domains/pixsens.lt/public_html/framework/web/CController.php(308): CInlineAction->runWithParams(Array)
#11 /home/pixsens/domains/pixsens.lt/public_html/framework/web/CController.php(286): CController->runAction(Object(CInlineAction))
#12 /home/pixsens/domains/pixsens.lt/public_html/framework/web/CController.php(265): CController->runActionWithFilters(Object(CInlineAction), Array)
#13 /home/pixsens/domains/pixsens.lt/public_html/framework/web/CWebApplication.php(282): CController->run('')
#14 /home/pixsens/domains/pixsens.lt/public_html/framework/web/CWebApplication.php(141): CWebApplication->runController('')
#15 /home/pixsens/domains/pixsens.lt/public_html/framework/base/CApplication.php(184): CWebApplication->processRequest()
#16 /home/pixsens/domains/pixsens.lt/public_html/metaliksa/index.php(13): CApplication->run()
#17 {main}
REQUEST_URI=/metaliksa/index.php
---
2015/02/23 20:10:48 [error] [exception.CException] exception 'CException' with message 'CAssetManager.basePath "/home/pixsens/domains/pixsens.lt/public_html/metaliksa/assets" is invalid. Please make sure the directory exists and is writable by the Web server process.' in /home/pixsens/domains/pixsens.lt/public_html/framework/web/CAssetManager.php:138
Stack trace:
#0 /home/pixsens/domains/pixsens.lt/public_html/framework/web/CAssetManager.php(123): CAssetManager->setBasePath('/home/pixsens/d...')
#1 /home/pixsens/domains/pixsens.lt/public_html/framework/web/CAssetManager.php(217): CAssetManager->getBasePath()
#2 /home/pixsens/domains/pixsens.lt/public_html/framework/web/CClientScript.php(511): CAssetManager->publish('/home/pixsens/d...')
#3 /home/pixsens/domains/pixsens.lt/public_html/framework/web/CClientScript.php(548): CClientScript->getCoreScriptUrl()
#4 /home/pixsens/domains/pixsens.lt/public_html/framework/web/CClientScript.php(349): CClientScript->getPackageBaseUrl('jquery')
#5 /home/pixsens/domains/pixsens.lt/public_html/framework/web/CClientScript.php(208): CClientScript->renderCoreScripts()
#6 /home/pixsens/domains/pixsens.lt/public_html/framework/web/CController.php(351): CClientScript->render('<!DOCTYPE html>...')
#7 /home/pixsens/domains/pixsens.lt/public_html/framework/web/CController.php(788): CController->processOutput('<!DOCTYPE html>...')
#8 /home/pixsens/domains/pixsens.lt/public_html/metaliksa/protected/controllers/SiteController.php(32): CController->render('index')
#9 /home/pixsens/domains/pixsens.lt/public_html/framework/web/actions/CInlineAction.php(49): SiteController->actionIndex()
#10 /home/pixsens/domains/pixsens.lt/public_html/framework/web/CController.php(308): CInlineAction->runWithParams(Array)
#11 /home/pixsens/domains/pixsens.lt/public_html/framework/web/CController.php(286): CController->runAction(Object(CInlineAction))
#12 /home/pixsens/domains/pixsens.lt/public_html/framework/web/CController.php(265): CController->runActionWithFilters(Object(CInlineAction), Array)
#13 /home/pixsens/domains/pixsens.lt/public_html/framework/web/CWebApplication.php(282): CController->run('')
#14 /home/pixsens/domains/pixsens.lt/public_html/framework/web/CWebApplication.php(141): CWebApplication->runController('')
#15 /home/pixsens/domains/pixsens.lt/public_html/framework/base/CApplication.php(184): CWebApplication->processRequest()
#16 /home/pixsens/domains/pixsens.lt/public_html/metaliksa/index.php(13): CApplication->run()
#17 {main}
REQUEST_URI=/metaliksa/index.php
---
2015/02/23 20:10:48 [error] [exception.CException] exception 'CException' with message 'CAssetManager.basePath "/home/pixsens/domains/pixsens.lt/public_html/metaliksa/assets" is invalid. Please make sure the directory exists and is writable by the Web server process.' in /home/pixsens/domains/pixsens.lt/public_html/framework/web/CAssetManager.php:138
Stack trace:
#0 /home/pixsens/domains/pixsens.lt/public_html/framework/web/CAssetManager.php(123): CAssetManager->setBasePath('/home/pixsens/d...')
#1 /home/pixsens/domains/pixsens.lt/public_html/framework/web/CAssetManager.php(217): CAssetManager->getBasePath()
#2 /home/pixsens/domains/pixsens.lt/public_html/framework/web/CClientScript.php(511): CAssetManager->publish('/home/pixsens/d...')
#3 /home/pixsens/domains/pixsens.lt/public_html/framework/web/CClientScript.php(548): CClientScript->getCoreScriptUrl()
#4 /home/pixsens/domains/pixsens.lt/public_html/framework/web/CClientScript.php(349): CClientScript->getPackageBaseUrl('jquery')
#5 /home/pixsens/domains/pixsens.lt/public_html/framework/web/CClientScript.php(208): CClientScript->renderCoreScripts()
#6 /home/pixsens/domains/pixsens.lt/public_html/framework/web/CController.php(351): CClientScript->render('<!DOCTYPE html>...')
#7 /home/pixsens/domains/pixsens.lt/public_html/framework/web/CController.php(788): CController->processOutput('<!DOCTYPE html>...')
#8 /home/pixsens/domains/pixsens.lt/public_html/metaliksa/protected/controllers/SiteController.php(32): CController->render('index')
#9 /home/pixsens/domains/pixsens.lt/public_html/framework/web/actions/CInlineAction.php(49): SiteController->actionIndex()
#10 /home/pixsens/domains/pixsens.lt/public_html/framework/web/CController.php(308): CInlineAction->runWithParams(Array)
#11 /home/pixsens/domains/pixsens.lt/public_html/framework/web/CController.php(286): CController->runAction(Object(CInlineAction))
#12 /home/pixsens/domains/pixsens.lt/public_html/framework/web/CController.php(265): CController->runActionWithFilters(Object(CInlineAction), Array)
#13 /home/pixsens/domains/pixsens.lt/public_html/framework/web/CWebApplication.php(282): CController->run('')
#14 /home/pixsens/domains/pixsens.lt/public_html/framework/web/CWebApplication.php(141): CWebApplication->runController('')
#15 /home/pixsens/domains/pixsens.lt/public_html/framework/base/CApplication.php(184): CWebApplication->processRequest()
#16 /home/pixsens/domains/pixsens.lt/public_html/metaliksa/index.php(13): CApplication->run()
#17 {main}
REQUEST_URI=/metaliksa/index.php
---
2015/02/23 20:10:49 [error] [exception.CException] exception 'CException' with message 'CAssetManager.basePath "/home/pixsens/domains/pixsens.lt/public_html/metaliksa/assets" is invalid. Please make sure the directory exists and is writable by the Web server process.' in /home/pixsens/domains/pixsens.lt/public_html/framework/web/CAssetManager.php:138
Stack trace:
#0 /home/pixsens/domains/pixsens.lt/public_html/framework/web/CAssetManager.php(123): CAssetManager->setBasePath('/home/pixsens/d...')
#1 /home/pixsens/domains/pixsens.lt/public_html/framework/web/CAssetManager.php(217): CAssetManager->getBasePath()
#2 /home/pixsens/domains/pixsens.lt/public_html/framework/web/CClientScript.php(511): CAssetManager->publish('/home/pixsens/d...')
#3 /home/pixsens/domains/pixsens.lt/public_html/framework/web/CClientScript.php(548): CClientScript->getCoreScriptUrl()
#4 /home/pixsens/domains/pixsens.lt/public_html/framework/web/CClientScript.php(349): CClientScript->getPackageBaseUrl('jquery')
#5 /home/pixsens/domains/pixsens.lt/public_html/framework/web/CClientScript.php(208): CClientScript->renderCoreScripts()
#6 /home/pixsens/domains/pixsens.lt/public_html/framework/web/CController.php(351): CClientScript->render('<!DOCTYPE html>...')
#7 /home/pixsens/domains/pixsens.lt/public_html/framework/web/CController.php(788): CController->processOutput('<!DOCTYPE html>...')
#8 /home/pixsens/domains/pixsens.lt/public_html/metaliksa/protected/controllers/SiteController.php(32): CController->render('index')
#9 /home/pixsens/domains/pixsens.lt/public_html/framework/web/actions/CInlineAction.php(49): SiteController->actionIndex()
#10 /home/pixsens/domains/pixsens.lt/public_html/framework/web/CController.php(308): CInlineAction->runWithParams(Array)
#11 /home/pixsens/domains/pixsens.lt/public_html/framework/web/CController.php(286): CController->runAction(Object(CInlineAction))
#12 /home/pixsens/domains/pixsens.lt/public_html/framework/web/CController.php(265): CController->runActionWithFilters(Object(CInlineAction), Array)
#13 /home/pixsens/domains/pixsens.lt/public_html/framework/web/CWebApplication.php(282): CController->run('')
#14 /home/pixsens/domains/pixsens.lt/public_html/framework/web/CWebApplication.php(141): CWebApplication->runController('')
#15 /home/pixsens/domains/pixsens.lt/public_html/framework/base/CApplication.php(184): CWebApplication->processRequest()
#16 /home/pixsens/domains/pixsens.lt/public_html/metaliksa/index.php(13): CApplication->run()
#17 {main}
REQUEST_URI=/metaliksa/index.php
---
2015/02/23 20:10:49 [error] [exception.CException] exception 'CException' with message 'CAssetManager.basePath "/home/pixsens/domains/pixsens.lt/public_html/metaliksa/assets" is invalid. Please make sure the directory exists and is writable by the Web server process.' in /home/pixsens/domains/pixsens.lt/public_html/framework/web/CAssetManager.php:138
Stack trace:
#0 /home/pixsens/domains/pixsens.lt/public_html/framework/web/CAssetManager.php(123): CAssetManager->setBasePath('/home/pixsens/d...')
#1 /home/pixsens/domains/pixsens.lt/public_html/framework/web/CAssetManager.php(217): CAssetManager->getBasePath()
#2 /home/pixsens/domains/pixsens.lt/public_html/framework/web/CClientScript.php(511): CAssetManager->publish('/home/pixsens/d...')
#3 /home/pixsens/domains/pixsens.lt/public_html/framework/web/CClientScript.php(548): CClientScript->getCoreScriptUrl()
#4 /home/pixsens/domains/pixsens.lt/public_html/framework/web/CClientScript.php(349): CClientScript->getPackageBaseUrl('jquery')
#5 /home/pixsens/domains/pixsens.lt/public_html/framework/web/CClientScript.php(208): CClientScript->renderCoreScripts()
#6 /home/pixsens/domains/pixsens.lt/public_html/framework/web/CController.php(351): CClientScript->render('<!DOCTYPE html>...')
#7 /home/pixsens/domains/pixsens.lt/public_html/framework/web/CController.php(788): CController->processOutput('<!DOCTYPE html>...')
#8 /home/pixsens/domains/pixsens.lt/public_html/metaliksa/protected/controllers/SiteController.php(32): CController->render('index')
#9 /home/pixsens/domains/pixsens.lt/public_html/framework/web/actions/CInlineAction.php(49): SiteController->actionIndex()
#10 /home/pixsens/domains/pixsens.lt/public_html/framework/web/CController.php(308): CInlineAction->runWithParams(Array)
#11 /home/pixsens/domains/pixsens.lt/public_html/framework/web/CController.php(286): CController->runAction(Object(CInlineAction))
#12 /home/pixsens/domains/pixsens.lt/public_html/framework/web/CController.php(265): CController->runActionWithFilters(Object(CInlineAction), Array)
#13 /home/pixsens/domains/pixsens.lt/public_html/framework/web/CWebApplication.php(282): CController->run('')
#14 /home/pixsens/domains/pixsens.lt/public_html/framework/web/CWebApplication.php(141): CWebApplication->runController('')
#15 /home/pixsens/domains/pixsens.lt/public_html/framework/base/CApplication.php(184): CWebApplication->processRequest()
#16 /home/pixsens/domains/pixsens.lt/public_html/metaliksa/index.php(13): CApplication->run()
#17 {main}
REQUEST_URI=/metaliksa/index.php
---
2015/02/23 20:10:49 [error] [exception.CException] exception 'CException' with message 'CAssetManager.basePath "/home/pixsens/domains/pixsens.lt/public_html/metaliksa/assets" is invalid. Please make sure the directory exists and is writable by the Web server process.' in /home/pixsens/domains/pixsens.lt/public_html/framework/web/CAssetManager.php:138
Stack trace:
#0 /home/pixsens/domains/pixsens.lt/public_html/framework/web/CAssetManager.php(123): CAssetManager->setBasePath('/home/pixsens/d...')
#1 /home/pixsens/domains/pixsens.lt/public_html/framework/web/CAssetManager.php(217): CAssetManager->getBasePath()
#2 /home/pixsens/domains/pixsens.lt/public_html/framework/web/CClientScript.php(511): CAssetManager->publish('/home/pixsens/d...')
#3 /home/pixsens/domains/pixsens.lt/public_html/framework/web/CClientScript.php(548): CClientScript->getCoreScriptUrl()
#4 /home/pixsens/domains/pixsens.lt/public_html/framework/web/CClientScript.php(349): CClientScript->getPackageBaseUrl('jquery')
#5 /home/pixsens/domains/pixsens.lt/public_html/framework/web/CClientScript.php(208): CClientScript->renderCoreScripts()
#6 /home/pixsens/domains/pixsens.lt/public_html/framework/web/CController.php(351): CClientScript->render('<!DOCTYPE html>...')
#7 /home/pixsens/domains/pixsens.lt/public_html/framework/web/CController.php(788): CController->processOutput('<!DOCTYPE html>...')
#8 /home/pixsens/domains/pixsens.lt/public_html/metaliksa/protected/controllers/SiteController.php(32): CController->render('index')
#9 /home/pixsens/domains/pixsens.lt/public_html/framework/web/actions/CInlineAction.php(49): SiteController->actionIndex()
#10 /home/pixsens/domains/pixsens.lt/public_html/framework/web/CController.php(308): CInlineAction->runWithParams(Array)
#11 /home/pixsens/domains/pixsens.lt/public_html/framework/web/CController.php(286): CController->runAction(Object(CInlineAction))
#12 /home/pixsens/domains/pixsens.lt/public_html/framework/web/CController.php(265): CController->runActionWithFilters(Object(CInlineAction), Array)
#13 /home/pixsens/domains/pixsens.lt/public_html/framework/web/CWebApplication.php(282): CController->run('')
#14 /home/pixsens/domains/pixsens.lt/public_html/framework/web/CWebApplication.php(141): CWebApplication->runController('')
#15 /home/pixsens/domains/pixsens.lt/public_html/framework/base/CApplication.php(184): CWebApplication->processRequest()
#16 /home/pixsens/domains/pixsens.lt/public_html/metaliksa/index.php(13): CApplication->run()
#17 {main}
REQUEST_URI=/metaliksa/index.php
---
2015/02/23 20:10:50 [error] [exception.CException] exception 'CException' with message 'CAssetManager.basePath "/home/pixsens/domains/pixsens.lt/public_html/metaliksa/assets" is invalid. Please make sure the directory exists and is writable by the Web server process.' in /home/pixsens/domains/pixsens.lt/public_html/framework/web/CAssetManager.php:138
Stack trace:
#0 /home/pixsens/domains/pixsens.lt/public_html/framework/web/CAssetManager.php(123): CAssetManager->setBasePath('/home/pixsens/d...')
#1 /home/pixsens/domains/pixsens.lt/public_html/framework/web/CAssetManager.php(217): CAssetManager->getBasePath()
#2 /home/pixsens/domains/pixsens.lt/public_html/framework/web/CClientScript.php(511): CAssetManager->publish('/home/pixsens/d...')
#3 /home/pixsens/domains/pixsens.lt/public_html/framework/web/CClientScript.php(548): CClientScript->getCoreScriptUrl()
#4 /home/pixsens/domains/pixsens.lt/public_html/framework/web/CClientScript.php(349): CClientScript->getPackageBaseUrl('jquery')
#5 /home/pixsens/domains/pixsens.lt/public_html/framework/web/CClientScript.php(208): CClientScript->renderCoreScripts()
#6 /home/pixsens/domains/pixsens.lt/public_html/framework/web/CController.php(351): CClientScript->render('<!DOCTYPE html>...')
#7 /home/pixsens/domains/pixsens.lt/public_html/framework/web/CController.php(788): CController->processOutput('<!DOCTYPE html>...')
#8 /home/pixsens/domains/pixsens.lt/public_html/metaliksa/protected/controllers/SiteController.php(32): CController->render('index')
#9 /home/pixsens/domains/pixsens.lt/public_html/framework/web/actions/CInlineAction.php(49): SiteController->actionIndex()
#10 /home/pixsens/domains/pixsens.lt/public_html/framework/web/CController.php(308): CInlineAction->runWithParams(Array)
#11 /home/pixsens/domains/pixsens.lt/public_html/framework/web/CController.php(286): CController->runAction(Object(CInlineAction))
#12 /home/pixsens/domains/pixsens.lt/public_html/framework/web/CController.php(265): CController->runActionWithFilters(Object(CInlineAction), Array)
#13 /home/pixsens/domains/pixsens.lt/public_html/framework/web/CWebApplication.php(282): CController->run('')
#14 /home/pixsens/domains/pixsens.lt/public_html/framework/web/CWebApplication.php(141): CWebApplication->runController('')
#15 /home/pixsens/domains/pixsens.lt/public_html/framework/base/CApplication.php(184): CWebApplication->processRequest()
#16 /home/pixsens/domains/pixsens.lt/public_html/metaliksa/index.php(13): CApplication->run()
#17 {main}
REQUEST_URI=/metaliksa/index.php
---
2015/02/23 20:10:50 [error] [exception.CException] exception 'CException' with message 'CAssetManager.basePath "/home/pixsens/domains/pixsens.lt/public_html/metaliksa/assets" is invalid. Please make sure the directory exists and is writable by the Web server process.' in /home/pixsens/domains/pixsens.lt/public_html/framework/web/CAssetManager.php:138
Stack trace:
#0 /home/pixsens/domains/pixsens.lt/public_html/framework/web/CAssetManager.php(123): CAssetManager->setBasePath('/home/pixsens/d...')
#1 /home/pixsens/domains/pixsens.lt/public_html/framework/web/CAssetManager.php(217): CAssetManager->getBasePath()
#2 /home/pixsens/domains/pixsens.lt/public_html/framework/web/CClientScript.php(511): CAssetManager->publish('/home/pixsens/d...')
#3 /home/pixsens/domains/pixsens.lt/public_html/framework/web/CClientScript.php(548): CClientScript->getCoreScriptUrl()
#4 /home/pixsens/domains/pixsens.lt/public_html/framework/web/CClientScript.php(349): CClientScript->getPackageBaseUrl('jquery')
#5 /home/pixsens/domains/pixsens.lt/public_html/framework/web/CClientScript.php(208): CClientScript->renderCoreScripts()
#6 /home/pixsens/domains/pixsens.lt/public_html/framework/web/CController.php(351): CClientScript->render('<!DOCTYPE html>...')
#7 /home/pixsens/domains/pixsens.lt/public_html/framework/web/CController.php(788): CController->processOutput('<!DOCTYPE html>...')
#8 /home/pixsens/domains/pixsens.lt/public_html/metaliksa/protected/controllers/SiteController.php(32): CController->render('index')
#9 /home/pixsens/domains/pixsens.lt/public_html/framework/web/actions/CInlineAction.php(49): SiteController->actionIndex()
#10 /home/pixsens/domains/pixsens.lt/public_html/framework/web/CController.php(308): CInlineAction->runWithParams(Array)
#11 /home/pixsens/domains/pixsens.lt/public_html/framework/web/CController.php(286): CController->runAction(Object(CInlineAction))
#12 /home/pixsens/domains/pixsens.lt/public_html/framework/web/CController.php(265): CController->runActionWithFilters(Object(CInlineAction), Array)
#13 /home/pixsens/domains/pixsens.lt/public_html/framework/web/CWebApplication.php(282): CController->run('')
#14 /home/pixsens/domains/pixsens.lt/public_html/framework/web/CWebApplication.php(141): CWebApplication->runController('')
#15 /home/pixsens/domains/pixsens.lt/public_html/framework/base/CApplication.php(184): CWebApplication->processRequest()
#16 /home/pixsens/domains/pixsens.lt/public_html/metaliksa/index.php(13): CApplication->run()
#17 {main}
REQUEST_URI=/metaliksa/index.php
---
